<?xml version="1.0" encoding="UTF-8"?>
<!-- Generated by org.testng.reporters.JUnitReportReporter -->
<testsuite skipped="0" hostname="DESKTOP-J838PBO" name="com.restApiFrameWork.statuses.UserTimeLineTest" tests="1" failures="0" timestamp="28 Jan 2018 14:06:05 GMT" time="2.952" errors="0">
  <testcase name="readTweet" time="2.952" classname="com.restApiFrameWork.statuses.UserTimeLineTest"/>
</testsuite> <!-- com.restApiFrameWork.statuses.UserTimeLineTest -->
