<?xml version="1.0" encoding="UTF-8"?>
<!-- Generated by org.testng.reporters.JUnitReportReporter -->
<testsuite skipped="0" hostname="DESKTOP-J838PBO" name="com.restApiFrameWork.TestCases.TwitterE2EwithFrameWork" tests="3" failures="0" timestamp="28 Jan 2018 16:48:00 GMT" time="5.826" errors="0">
  <testcase name="readTweet" time="0.601" classname="com.restApiFrameWork.TestCases.TwitterE2EwithFrameWork"/>
  <testcase name="postTweet" time="4.615" classname="com.restApiFrameWork.TestCases.TwitterE2EwithFrameWork"/>
  <testcase name="deleteTweet" time="0.610" classname="com.restApiFrameWork.TestCases.TwitterE2EwithFrameWork"/>
</testsuite> <!-- com.restApiFrameWork.TestCases.TwitterE2EwithFrameWork -->
