<?xml version="1.0" encoding="UTF-8"?>
<!-- Generated by org.testng.reporters.JUnitReportReporter -->
<testsuite skipped="0" hostname="DESKTOP-J838PBO" name="com.restApiFrameWork.TestCases.UserTimeLineTest" tests="1" failures="0" timestamp="28 Jan 2018 14:43:31 GMT" time="4.575" errors="0">
  <testcase name="readTweet" time="4.575" classname="com.restApiFrameWork.TestCases.UserTimeLineTest"/>
</testsuite> <!-- com.restApiFrameWork.TestCases.UserTimeLineTest -->
